Arguments: 
  /usr/local/bin/node /usr/local/Cellar/yarn/1.22.10/libexec/bin/yarn.js start

PATH: 
  /Library/Frameworks/Python.framework/Versions/3.9/bin:/usr/local/bin:/usr/bin:/bin:/usr/sbin:/sbin:/Library/Frameworks/Python.framework/Versions/3.9/bin

Yarn version: 
  1.22.10

Node version: 
  15.12.0

Platform: 
  darwin x64

Trace: 
  SyntaxError: /Users/heeeee/Desktop/STUDY /Typescript-blockchain/package.json: Unexpected token / in JSON at position 313
      at JSON.parse (<anonymous>)
      at /usr/local/Cellar/yarn/1.22.10/libexec/lib/cli.js:1625:59
      at Generator.next (<anonymous>)
      at step (/usr/local/Cellar/yarn/1.22.10/libexec/lib/cli.js:310:30)
      at /usr/local/Cellar/yarn/1.22.10/libexec/lib/cli.js:321:13

npm manifest: 
  {
    "name": "Typescript-blockchain",
    "version": "1.0.0",
    "decription" : "Learning Typescript by making a Blockchain with it",
    "main": "index.js",
    "author": "nahee-park <jessica396@ewhain.net>",
    "repository": "https://github.com/Nahee-Park/Typescript-blockchain",
    "license": "MIT",  
    "scripts":{
      // yarn start 할 때 index.js 실행되도록 
      "start":"node index.js",
      "prestart": "tsc"
    }
  }

yarn manifest: 
  No manifest

Lockfile: 
  No lockfile
